<?xml version="1.0" encoding="UTF-8"?>
<!-- Generated by org.testng.reporters.JUnitXMLReporter -->
<testsuite ignored="0" hostname="DESKTOP-O82LOGL" failures="2" tests="5" name="Test1" time="54.236" errors="0" timestamp="2025-03-03T12:10:23 IST">
  <testcase classname="testCases.TC002_AccountLoginTest" name="AccountLoginTest" time="1.338"/>
  <testcase classname="testCases.TC003_LoginDDTTest" name="verify_loginDDt" time="1.41"/>
  <testcase classname="testCases.TC003_LoginDDTTest" name="verify_loginDDt" time="1.314"/>
  <testcase classname="testCases.TC003_LoginDDTTest" name="verify_loginDDt" time="21.03">
    <failure type="java.lang.AssertionError" message="null">
      <![CDATA[java.lang.AssertionError: null
at testCases.TC003_LoginDDTTest.verify_loginDDt(TC003_LoginDDTTest.java:49)
at java.base/java.util.ArrayList.forEach(ArrayList.java:1596)
... Removed 31 stack frames]]>
    </failure>
  </testcase> <!-- verify_loginDDt -->
  <testcase classname="testCases.TC003_LoginDDTTest" name="verify_loginDDt" time="22.856">
    <failure type="java.lang.AssertionError" message="null">
      <![CDATA[java.lang.AssertionError: null
at testCases.TC003_LoginDDTTest.verify_loginDDt(TC003_LoginDDTTest.java:49)
at java.base/java.util.ArrayList.forEach(ArrayList.java:1596)
... Removed 31 stack frames]]>
    </failure>
  </testcase> <!-- verify_loginDDt -->
</testsuite> <!-- Test1 -->
